<?xml version="1.0" encoding="UTF-8"?>
<coverage generated="1757744804818" clover="3.2.0">
  <project timestamp="1757744804819" name="All files">
    <metrics statements="43" coveredstatements="42" conditionals="16" coveredconditionals="13" methods="11" coveredmethods="10" elements="70" coveredelements="65" complexity="0" loc="43" ncloc="43" packages="2" files="3" classes="3"/>
    <package name="homeCard">
      <metrics statements="37" coveredstatements="36" conditionals="14" coveredconditionals="11" methods="9" coveredmethods="8"/>
      <file name="ProductCard.tsx" path="D:\project-IT\react\tenzerSoft_project\e-commerce-app\src\components\homeCard\ProductCard.tsx">
        <metrics statements="6" coveredstatements="6" conditionals="0" coveredconditionals="0" methods="1" coveredmethods="1"/>
        <line num="2" count="1" type="stmt"/>
        <line num="3" count="1" type="stmt"/>
        <line num="5" count="1" type="stmt"/>
        <line num="11" count="1" type="stmt"/>
        <line num="12" count="5" type="stmt"/>
        <line num="48" count="1" type="stmt"/>
      </file>
      <file name="index.tsx" path="D:\project-IT\react\tenzerSoft_project\e-commerce-app\src\components\homeCard\index.tsx">
        <metrics statements="31" coveredstatements="30" conditionals="14" coveredconditionals="11" methods="8" coveredmethods="7"/>
        <line num="1" count="1" type="stmt"/>
        <line num="2" count="1" type="stmt"/>
        <line num="14" count="1" type="stmt"/>
        <line num="15" count="1" type="stmt"/>
        <line num="16" count="1" type="stmt"/>
        <line num="18" count="1" type="stmt"/>
        <line num="19" count="1" type="stmt"/>
        <line num="22" count="1" type="stmt"/>
        <line num="23" count="4" type="stmt"/>
        <line num="24" count="4" type="cond" truecount="2" falsecount="0"/>
        <line num="25" count="4" type="stmt"/>
        <line num="27" count="4" type="stmt"/>
        <line num="28" count="4" type="stmt"/>
        <line num="29" count="4" type="stmt"/>
        <line num="31" count="4" type="cond" truecount="2" falsecount="2"/>
        <line num="32" count="4" type="stmt"/>
        <line num="34" count="4" type="stmt"/>
        <line num="35" count="4" type="cond" truecount="2" falsecount="0"/>
        <line num="36" count="1" type="stmt"/>
        <line num="37" count="2" type="stmt"/>
        <line num="41" count="4" type="stmt"/>
        <line num="43" count="4" type="stmt"/>
        <line num="44" count="4" type="stmt"/>
        <line num="45" count="4" type="stmt"/>
        <line num="48" count="4" type="stmt"/>
        <line num="49" count="4" type="stmt"/>
        <line num="51" count="4" type="stmt"/>
        <line num="64" count="5" type="stmt"/>
        <line num="73" count="3" type="stmt"/>
        <line num="112" count="0" type="stmt"/>
        <line num="120" count="1" type="stmt"/>
      </file>
    </package>
    <package name="paginition">
      <metrics statements="6" coveredstatements="6" conditionals="2" coveredconditionals="2" methods="2" coveredmethods="2"/>
      <file name="index.tsx" path="D:\project-IT\react\tenzerSoft_project\e-commerce-app\src\components\paginition\index.tsx">
        <metrics statements="6" coveredstatements="6" conditionals="2" coveredconditionals="2" methods="2" coveredmethods="2"/>
        <line num="1" count="2" type="stmt"/>
        <line num="5" count="2" type="stmt"/>
        <line num="6" count="9" type="cond" truecount="2" falsecount="0"/>
        <line num="8" count="6" type="stmt"/>
        <line num="13" count="2" type="stmt"/>
        <line num="20" count="2" type="stmt"/>
      </file>
    </package>
  </project>
</coverage>
