<?xml version="1.0" encoding="UTF-8"?>
<coverage generated="1757894550771" clover="3.2.0">
  <project timestamp="1757894550771" name="All files">
    <metrics statements="115" coveredstatements="104" conditionals="38" coveredconditionals="26" methods="35" coveredmethods="32" elements="188" coveredelements="162" complexity="0" loc="115" ncloc="115" packages="3" files="4" classes="4"/>
    <package name="components.homeCard">
      <metrics statements="43" coveredstatements="42" conditionals="16" coveredconditionals="13" methods="9" coveredmethods="8"/>
      <file name="ProductCard.tsx" path="D:\project-IT\react\tenzerSoft_project\e-commerce-app\src\components\homeCard\ProductCard.tsx">
        <metrics statements="8" coveredstatements="8" conditionals="0" coveredconditionals="0" methods="1" coveredmethods="1"/>
        <line num="2" count="1" type="stmt"/>
        <line num="3" count="1" type="stmt"/>
        <line num="4" count="1" type="stmt"/>
        <line num="6" count="1" type="stmt"/>
        <line num="12" count="1" type="stmt"/>
        <line num="13" count="5" type="stmt"/>
        <line num="15" count="5" type="stmt"/>
        <line num="54" count="1" type="stmt"/>
      </file>
      <file name="index.tsx" path="D:\project-IT\react\tenzerSoft_project\e-commerce-app\src\components\homeCard\index.tsx">
        <metrics statements="35" coveredstatements="34" conditionals="16" coveredconditionals="13" methods="8" coveredmethods="7"/>
        <line num="1" count="1" type="stmt"/>
        <line num="2" count="1" type="stmt"/>
        <line num="14" count="1" type="stmt"/>
        <line num="15" count="1" type="stmt"/>
        <line num="16" count="1" type="stmt"/>
        <line num="18" count="1" type="stmt"/>
        <line num="19" count="1" type="stmt"/>
        <line num="20" count="1" type="stmt"/>
        <line num="22" count="1" type="stmt"/>
        <line num="23" count="4" type="stmt"/>
        <line num="24" count="4" type="stmt"/>
        <line num="25" count="4" type="stmt"/>
        <line num="26" count="4" type="stmt"/>
        <line num="28" count="4" type="cond" truecount="2" falsecount="2"/>
        <line num="29" count="4" type="stmt"/>
        <line num="31" count="4" type="stmt"/>
        <line num="37" count="4" type="cond" truecount="2" falsecount="0"/>
        <line num="38" count="4" type="stmt"/>
        <line num="40" count="4" type="stmt"/>
        <line num="41" count="4" type="cond" truecount="2" falsecount="0"/>
        <line num="42" count="1" type="stmt"/>
        <line num="43" count="2" type="stmt"/>
        <line num="47" count="4" type="stmt"/>
        <line num="49" count="4" type="stmt"/>
        <line num="50" count="4" type="stmt"/>
        <line num="51" count="4" type="stmt"/>
        <line num="54" count="4" type="stmt"/>
        <line num="55" count="4" type="stmt"/>
        <line num="58" count="4" type="cond" truecount="2" falsecount="0"/>
        <line num="59" count="1" type="stmt"/>
        <line num="68" count="3" type="stmt"/>
        <line num="82" count="5" type="stmt"/>
        <line num="94" count="3" type="stmt"/>
        <line num="146" count="0" type="stmt"/>
        <line num="153" count="1" type="stmt"/>
      </file>
    </package>
    <package name="components.paginition">
      <metrics statements="6" coveredstatements="6" conditionals="2" coveredconditionals="2" methods="2" coveredmethods="2"/>
      <file name="index.tsx" path="D:\project-IT\react\tenzerSoft_project\e-commerce-app\src\components\paginition\index.tsx">
        <metrics statements="6" coveredstatements="6" conditionals="2" coveredconditionals="2" methods="2" coveredmethods="2"/>
        <line num="1" count="2" type="stmt"/>
        <line num="5" count="2" type="stmt"/>
        <line num="6" count="9" type="cond" truecount="2" falsecount="0"/>
        <line num="8" count="6" type="stmt"/>
        <line num="13" count="2" type="stmt"/>
        <line num="20" count="2" type="stmt"/>
      </file>
    </package>
    <package name="context">
      <metrics statements="66" coveredstatements="56" conditionals="20" coveredconditionals="11" methods="24" coveredmethods="22"/>
      <file name="CartContext.tsx" path="D:\project-IT\react\tenzerSoft_project\e-commerce-app\src\context\CartContext.tsx">
        <metrics statements="66" coveredstatements="56" conditionals="20" coveredconditionals="11" methods="24" coveredmethods="22"/>
        <line num="1" count="1" type="stmt"/>
        <line num="10" count="1" type="stmt"/>
        <line num="12" count="1" type="stmt"/>
        <line num="13" count="6" type="cond" truecount="1" falsecount="1"/>
        <line num="15" count="6" type="stmt"/>
        <line num="16" count="6" type="stmt"/>
        <line num="17" count="6" type="cond" truecount="1" falsecount="1"/>
        <line num="19" count="0" type="stmt"/>
        <line num="20" count="0" type="cond" truecount="0" falsecount="2"/>
        <line num="22" count="0" type="stmt"/>
        <line num="23" count="0" type="stmt"/>
        <line num="24" count="0" type="stmt"/>
        <line num="28" count="1" type="stmt"/>
        <line num="29" count="15" type="cond" truecount="1" falsecount="1"/>
        <line num="31" count="15" type="stmt"/>
        <line num="32" count="15" type="stmt"/>
        <line num="33" count="15" type="stmt"/>
        <line num="35" count="0" type="stmt"/>
        <line num="39" count="1" type="stmt"/>
        <line num="40" count="21" type="stmt"/>
        <line num="41" count="21" type="stmt"/>
        <line num="43" count="21" type="stmt"/>
        <line num="44" count="6" type="stmt"/>
        <line num="45" count="6" type="stmt"/>
        <line num="46" count="6" type="stmt"/>
        <line num="47" count="6" type="stmt"/>
        <line num="50" count="21" type="stmt"/>
        <line num="51" count="21" type="cond" truecount="2" falsecount="0"/>
        <line num="52" count="15" type="stmt"/>
        <line num="56" count="21" type="stmt"/>
        <line num="57" count="5" type="stmt"/>
        <line num="59" count="5" type="stmt"/>
        <line num="60" count="5" type="stmt"/>
        <line num="62" count="5" type="cond" truecount="1" falsecount="1"/>
        <line num="63" count="0" type="stmt"/>
        <line num="64" count="0" type="stmt"/>
        <line num="66" count="5" type="stmt"/>
        <line num="67" count="5" type="stmt"/>
        <line num="68" count="5" type="stmt"/>
        <line num="73" count="21" type="stmt"/>
        <line num="74" count="2" type="cond" truecount="2" falsecount="0"/>
        <line num="75" count="1" type="stmt"/>
        <line num="76" count="1" type="stmt"/>
        <line num="78" count="1" type="stmt"/>
        <line num="79" count="1" type="cond" truecount="1" falsecount="1"/>
        <line num="83" count="21" type="stmt"/>
        <line num="84" count="2" type="stmt"/>
        <line num="87" count="21" type="stmt"/>
        <line num="88" count="1" type="stmt"/>
        <line num="89" count="1" type="stmt"/>
        <line num="92" count="21" type="stmt"/>
        <line num="93" count="2" type="stmt"/>
        <line num="95" count="21" type="stmt"/>
        <line num="96" count="2" type="stmt"/>
        <line num="98" count="21" type="stmt"/>
        <line num="99" count="1" type="stmt"/>
        <line num="101" count="21" type="stmt"/>
        <line num="102" count="21" type="cond" truecount="1" falsecount="1"/>
        <line num="103" count="21" type="stmt"/>
        <line num="107" count="0" type="stmt"/>
        <line num="113" count="21" type="stmt"/>
        <line num="131" count="1" type="stmt"/>
        <line num="132" count="21" type="stmt"/>
        <line num="133" count="21" type="cond" truecount="1" falsecount="1"/>
        <line num="134" count="0" type="stmt"/>
        <line num="136" count="21" type="stmt"/>
      </file>
    </package>
  </project>
</coverage>
