{"D:\\project-IT\\react\\tenzerSoft_project\\e-commerce-app\\src\\components\\homeCard\\ProductCard.tsx": {"path":"D:\\project-IT\\react\\tenzerSoft_project\\e-commerce-app\\src\\components\\homeCard\\ProductCard.tsx","statementMap":{"0":{"start":{"line":2,"column":0},"end":{"line":2,"column":104}},"1":{"start":{"line":3,"column":0},"end":{"line":3,"column":60}},"2":{"start":{"line":5,"column":0},"end":{"line":5,"column":46}},"3":{"start":{"line":11,"column":48},"end":{"line":46,"column":1}},"4":{"start":{"line":12,"column":2},"end":{"line":45,"column":4}},"5":{"start":{"line":48,"column":0},"end":{"line":48,"column":27}}},"fnMap":{"0":{"name":"(anonymous_1)","decl":{"start":{"line":11,"column":48},"end":{"line":11,"column":49}},"loc":{"start":{"line":11,"column":64},"end":{"line":46,"column":1}}}},"branchMap":{},"s":{"0":1,"1":1,"2":1,"3":1,"4":5,"5":1},"f":{"0":5},"b":{}}
,"D:\\project-IT\\react\\tenzerSoft_project\\e-commerce-app\\src\\components\\homeCard\\index.tsx": {"path":"D:\\project-IT\\react\\tenzerSoft_project\\e-commerce-app\\src\\components\\homeCard\\index.tsx","statementMap":{"0":{"start":{"line":1,"column":0},"end":{"line":1,"column":60}},"1":{"start":{"line":2,"column":0},"end":{"line":2,"column":null}},"2":{"start":{"line":14,"column":0},"end":{"line":14,"column":60}},"3":{"start":{"line":15,"column":0},"end":{"line":15,"column":57}},"4":{"start":{"line":16,"column":0},"end":{"line":16,"column":46}},"5":{"start":{"line":18,"column":0},"end":{"line":18,"column":45}},"6":{"start":{"line":19,"column":0},"end":{"line":19,"column":40}},"7":{"start":{"line":22,"column":42},"end":{"line":118,"column":1}},"8":{"start":{"line":23,"column":41},"end":{"line":23,"column":62}},"9":{"start":{"line":24,"column":32},"end":{"line":24,"column":57}},"10":{"start":{"line":25,"column":26},"end":{"line":25,"column":51}},"11":{"start":{"line":27,"column":18},"end":{"line":27,"column":28}},"12":{"start":{"line":28,"column":21},"end":{"line":28,"column":64}},"13":{"start":{"line":29,"column":21},"end":{"line":29,"column":73}},"14":{"start":{"line":31,"column":25},"end":{"line":31,"column":56}},"15":{"start":{"line":32,"column":28},"end":{"line":32,"column":39}},"16":{"start":{"line":34,"column":29},"end":{"line":39,"column":31}},"17":{"start":{"line":35,"column":8},"end":{"line":35,"column":42}},"18":{"start":{"line":35,"column":26},"end":{"line":35,"column":42}},"19":{"start":{"line":36,"column":8},"end":{"line":38,"column":10}},"20":{"start":{"line":37,"column":12},"end":{"line":37,"column":68}},"21":{"start":{"line":41,"column":22},"end":{"line":41,"column":71}},"22":{"start":{"line":43,"column":28},"end":{"line":46,"column":46}},"23":{"start":{"line":44,"column":22},"end":{"line":44,"column":47}},"24":{"start":{"line":45,"column":8},"end":{"line":45,"column":67}},"25":{"start":{"line":48,"column":4},"end":{"line":50,"column":36}},"26":{"start":{"line":49,"column":8},"end":{"line":49,"column":19}},"27":{"start":{"line":51,"column":4},"end":{"line":117,"column":6}},"28":{"start":{"line":64,"column":24},"end":{"line":64,"column":40}},"29":{"start":{"line":73,"column":24},"end":{"line":73,"column":59}},"30":{"start":{"line":112,"column":41},"end":{"line":112,"column":55}},"31":{"start":{"line":120,"column":0},"end":{"line":120,"column":24}}},"fnMap":{"0":{"name":"(anonymous_1)","decl":{"start":{"line":22,"column":42},"end":{"line":22,"column":43}},"loc":{"start":{"line":22,"column":62},"end":{"line":118,"column":1}}},"1":{"name":"(anonymous_2)","decl":{"start":{"line":34,"column":37},"end":{"line":34,"column":40}},"loc":{"start":{"line":34,"column":42},"end":{"line":39,"column":5}}},"2":{"name":"(anonymous_3)","decl":{"start":{"line":36,"column":31},"end":{"line":36,"column":32}},"loc":{"start":{"line":37,"column":12},"end":{"line":37,"column":68}}},"3":{"name":"(anonymous_4)","decl":{"start":{"line":43,"column":36},"end":{"line":43,"column":39}},"loc":{"start":{"line":43,"column":41},"end":{"line":46,"column":5}}},"4":{"name":"(anonymous_5)","decl":{"start":{"line":48,"column":14},"end":{"line":48,"column":17}},"loc":{"start":{"line":48,"column":19},"end":{"line":50,"column":5}}},"5":{"name":"(anonymous_6)","decl":{"start":{"line":63,"column":40},"end":{"line":63,"column":41}},"loc":{"start":{"line":64,"column":24},"end":{"line":64,"column":40}}},"6":{"name":"(anonymous_7)","decl":{"start":{"line":72,"column":42},"end":{"line":72,"column":43}},"loc":{"start":{"line":73,"column":24},"end":{"line":73,"column":59}}},"7":{"name":"(anonymous_8)","decl":{"start":{"line":112,"column":30},"end":{"line":112,"column":31}},"loc":{"start":{"line":112,"column":41},"end":{"line":112,"column":55}}}},"branchMap":{"0":{"loc":{"start":{"line":24,"column":32},"end":{"line":24,"column":57}},"type":"binary-expr","locations":[{"start":{"line":24,"column":32},"end":{"line":24,"column":51}},{"start":{"line":24,"column":55},"end":{"line":24,"column":57}}]},"1":{"loc":{"start":{"line":31,"column":25},"end":{"line":31,"column":56}},"type":"cond-expr","locations":[{"start":{"line":31,"column":36},"end":{"line":31,"column":37}},{"start":{"line":31,"column":40},"end":{"line":31,"column":56}}]},"2":{"loc":{"start":{"line":31,"column":40},"end":{"line":31,"column":56}},"type":"cond-expr","locations":[{"start":{"line":31,"column":51},"end":{"line":31,"column":52}},{"start":{"line":31,"column":55},"end":{"line":31,"column":56}}]},"3":{"loc":{"start":{"line":35,"column":8},"end":{"line":35,"column":42}},"type":"if","locations":[{"start":{"line":35,"column":8},"end":{"line":35,"column":42}},{"start":{},"end":{}}]},"4":{"loc":{"start":{"line":62,"column":17},"end":{"line":106,"column":22}},"type":"cond-expr","locations":[{"start":{"line":63,"column":22},"end":{"line":71,"column":22}},{"start":{"line":72,"column":22},"end":{"line":106,"column":22}}]},"5":{"loc":{"start":{"line":108,"column":13},"end":{"line":113,"column":null}},"type":"binary-expr","locations":[{"start":{"line":108,"column":13},"end":{"line":108,"column":26}},{"start":{"line":109,"column":16},"end":{"line":112,"column":null}}]},"6":{"loc":{"start":{"line":115,"column":13},"end":{"line":115,"column":86}},"type":"binary-expr","locations":[{"start":{"line":115,"column":13},"end":{"line":115,"column":20}},{"start":{"line":115,"column":24},"end":{"line":115,"column":86}}]}},"s":{"0":1,"1":1,"2":1,"3":1,"4":1,"5":1,"6":1,"7":1,"8":4,"9":4,"10":4,"11":4,"12":4,"13":4,"14":4,"15":4,"16":4,"17":4,"18":3,"19":1,"20":2,"21":4,"22":4,"23":4,"24":4,"25":4,"26":4,"27":4,"28":5,"29":3,"30":0,"31":1},"f":{"0":4,"1":4,"2":2,"3":4,"4":4,"5":5,"6":3,"7":0},"b":{"0":[4,2],"1":[0,4],"2":[0,4],"3":[3,1],"4":[1,3],"5":[4,0],"6":[4,1]}}
,"D:\\project-IT\\react\\tenzerSoft_project\\e-commerce-app\\src\\components\\paginition\\index.tsx": {"path":"D:\\project-IT\\react\\tenzerSoft_project\\e-commerce-app\\src\\components\\paginition\\index.tsx","statementMap":{"0":{"start":{"line":1,"column":0},"end":{"line":1,"column":48}},"1":{"start":{"line":5,"column":58},"end":{"line":18,"column":1}},"2":{"start":{"line":6,"column":4},"end":{"line":6,"column":36}},"3":{"start":{"line":6,"column":24},"end":{"line":6,"column":36}},"4":{"start":{"line":8,"column":4},"end":{"line":17,"column":6}},"5":{"start":{"line":13,"column":40},"end":{"line":13,"column":55}},"6":{"start":{"line":20,"column":0},"end":{"line":20,"column":32}}},"fnMap":{"0":{"name":"(anonymous_0)","decl":{"start":{"line":5,"column":58},"end":{"line":5,"column":59}},"loc":{"start":{"line":5,"column":92},"end":{"line":18,"column":1}}},"1":{"name":"(anonymous_1)","decl":{"start":{"line":13,"column":26},"end":{"line":13,"column":27}},"loc":{"start":{"line":13,"column":40},"end":{"line":13,"column":55}}}},"branchMap":{"0":{"loc":{"start":{"line":6,"column":4},"end":{"line":6,"column":36}},"type":"if","locations":[{"start":{"line":6,"column":4},"end":{"line":6,"column":36}},{"start":{},"end":{}}]}},"s":{"0":2,"1":2,"2":9,"3":3,"4":6,"5":2,"6":2},"f":{"0":9,"1":2},"b":{"0":[3,6]}}
}
