{"D:\\project-IT\\react\\tenzerSoft_project\\e-commerce-app\\src\\components\\homeCard\\ProductCard.tsx": {"path":"D:\\project-IT\\react\\tenzerSoft_project\\e-commerce-app\\src\\components\\homeCard\\ProductCard.tsx","statementMap":{"0":{"start":{"line":2,"column":0},"end":{"line":2,"column":104}},"1":{"start":{"line":3,"column":0},"end":{"line":3,"column":60}},"2":{"start":{"line":4,"column":0},"end":{"line":4,"column":47}},"3":{"start":{"line":6,"column":0},"end":{"line":6,"column":46}},"4":{"start":{"line":12,"column":48},"end":{"line":52,"column":1}},"5":{"start":{"line":13,"column":16},"end":{"line":13,"column":32}},"6":{"start":{"line":15,"column":2},"end":{"line":51,"column":4}},"7":{"start":{"line":54,"column":0},"end":{"line":54,"column":27}}},"fnMap":{"0":{"name":"(anonymous_1)","decl":{"start":{"line":12,"column":48},"end":{"line":12,"column":49}},"loc":{"start":{"line":12,"column":64},"end":{"line":52,"column":1}}}},"branchMap":{},"s":{"0":1,"1":1,"2":1,"3":1,"4":1,"5":5,"6":5,"7":1},"f":{"0":5},"b":{}}
,"D:\\project-IT\\react\\tenzerSoft_project\\e-commerce-app\\src\\components\\homeCard\\index.tsx": {"path":"D:\\project-IT\\react\\tenzerSoft_project\\e-commerce-app\\src\\components\\homeCard\\index.tsx","statementMap":{"0":{"start":{"line":1,"column":0},"end":{"line":1,"column":60}},"1":{"start":{"line":2,"column":0},"end":{"line":2,"column":null}},"2":{"start":{"line":14,"column":0},"end":{"line":14,"column":60}},"3":{"start":{"line":15,"column":0},"end":{"line":15,"column":57}},"4":{"start":{"line":16,"column":0},"end":{"line":16,"column":46}},"5":{"start":{"line":18,"column":0},"end":{"line":18,"column":45}},"6":{"start":{"line":19,"column":0},"end":{"line":19,"column":40}},"7":{"start":{"line":20,"column":0},"end":{"line":20,"column":47}},"8":{"start":{"line":22,"column":42},"end":{"line":151,"column":1}},"9":{"start":{"line":23,"column":16},"end":{"line":23,"column":32}},"10":{"start":{"line":24,"column":16},"end":{"line":24,"column":26}},"11":{"start":{"line":25,"column":19},"end":{"line":25,"column":62}},"12":{"start":{"line":26,"column":19},"end":{"line":26,"column":71}},"13":{"start":{"line":28,"column":23},"end":{"line":28,"column":54}},"14":{"start":{"line":29,"column":26},"end":{"line":29,"column":37}},"15":{"start":{"line":31,"column":39},"end":{"line":35,"column":4}},"16":{"start":{"line":37,"column":30},"end":{"line":37,"column":55}},"17":{"start":{"line":38,"column":24},"end":{"line":38,"column":60}},"18":{"start":{"line":40,"column":27},"end":{"line":45,"column":29}},"19":{"start":{"line":41,"column":4},"end":{"line":41,"column":38}},"20":{"start":{"line":41,"column":22},"end":{"line":41,"column":38}},"21":{"start":{"line":42,"column":4},"end":{"line":44,"column":6}},"22":{"start":{"line":43,"column":6},"end":{"line":43,"column":62}},"23":{"start":{"line":47,"column":20},"end":{"line":47,"column":69}},"24":{"start":{"line":49,"column":26},"end":{"line":52,"column":44}},"25":{"start":{"line":50,"column":18},"end":{"line":50,"column":43}},"26":{"start":{"line":51,"column":4},"end":{"line":51,"column":63}},"27":{"start":{"line":54,"column":2},"end":{"line":56,"column":34}},"28":{"start":{"line":55,"column":4},"end":{"line":55,"column":15}},"29":{"start":{"line":58,"column":2},"end":{"line":66,"column":3}},"30":{"start":{"line":59,"column":4},"end":{"line":65,"column":6}},"31":{"start":{"line":68,"column":2},"end":{"line":150,"column":4}},"32":{"start":{"line":82,"column":14},"end":{"line":83,"column":null}},"33":{"start":{"line":94,"column":14},"end":{"line":95,"column":null}},"34":{"start":{"line":146,"column":31},"end":{"line":146,"column":45}},"35":{"start":{"line":153,"column":0},"end":{"line":153,"column":24}}},"fnMap":{"0":{"name":"(anonymous_1)","decl":{"start":{"line":22,"column":42},"end":{"line":22,"column":43}},"loc":{"start":{"line":22,"column":62},"end":{"line":151,"column":1}}},"1":{"name":"(anonymous_2)","decl":{"start":{"line":40,"column":35},"end":{"line":40,"column":38}},"loc":{"start":{"line":40,"column":40},"end":{"line":45,"column":3}}},"2":{"name":"(anonymous_3)","decl":{"start":{"line":42,"column":27},"end":{"line":42,"column":28}},"loc":{"start":{"line":43,"column":6},"end":{"line":43,"column":62}}},"3":{"name":"(anonymous_4)","decl":{"start":{"line":49,"column":34},"end":{"line":49,"column":37}},"loc":{"start":{"line":49,"column":39},"end":{"line":52,"column":3}}},"4":{"name":"(anonymous_5)","decl":{"start":{"line":54,"column":12},"end":{"line":54,"column":15}},"loc":{"start":{"line":54,"column":17},"end":{"line":56,"column":3}}},"5":{"name":"(anonymous_6)","decl":{"start":{"line":81,"column":30},"end":{"line":81,"column":31}},"loc":{"start":{"line":82,"column":14},"end":{"line":83,"column":null}}},"6":{"name":"(anonymous_7)","decl":{"start":{"line":93,"column":32},"end":{"line":93,"column":33}},"loc":{"start":{"line":94,"column":14},"end":{"line":95,"column":null}}},"7":{"name":"(anonymous_8)","decl":{"start":{"line":146,"column":20},"end":{"line":146,"column":21}},"loc":{"start":{"line":146,"column":31},"end":{"line":146,"column":45}}}},"branchMap":{"0":{"loc":{"start":{"line":28,"column":23},"end":{"line":28,"column":54}},"type":"cond-expr","locations":[{"start":{"line":28,"column":34},"end":{"line":28,"column":35}},{"start":{"line":28,"column":38},"end":{"line":28,"column":54}}]},"1":{"loc":{"start":{"line":28,"column":38},"end":{"line":28,"column":54}},"type":"cond-expr","locations":[{"start":{"line":28,"column":49},"end":{"line":28,"column":50}},{"start":{"line":28,"column":53},"end":{"line":28,"column":54}}]},"2":{"loc":{"start":{"line":34,"column":10},"end":{"line":34,"column":34}},"type":"binary-expr","locations":[{"start":{"line":34,"column":10},"end":{"line":34,"column":21}},{"start":{"line":34,"column":25},"end":{"line":34,"column":34}}]},"3":{"loc":{"start":{"line":37,"column":30},"end":{"line":37,"column":55}},"type":"binary-expr","locations":[{"start":{"line":37,"column":30},"end":{"line":37,"column":49}},{"start":{"line":37,"column":53},"end":{"line":37,"column":55}}]},"4":{"loc":{"start":{"line":41,"column":4},"end":{"line":41,"column":38}},"type":"if","locations":[{"start":{"line":41,"column":4},"end":{"line":41,"column":38}},{"start":{},"end":{}}]},"5":{"loc":{"start":{"line":58,"column":2},"end":{"line":66,"column":3}},"type":"if","locations":[{"start":{"line":58,"column":2},"end":{"line":66,"column":3}},{"start":{},"end":{}}]},"6":{"loc":{"start":{"line":80,"column":9},"end":{"line":139,"column":14}},"type":"cond-expr","locations":[{"start":{"line":81,"column":12},"end":{"line":92,"column":14}},{"start":{"line":93,"column":12},"end":{"line":139,"column":14}}]},"7":{"loc":{"start":{"line":142,"column":7},"end":{"line":147,"column":null}},"type":"binary-expr","locations":[{"start":{"line":142,"column":7},"end":{"line":142,"column":20}},{"start":{"line":143,"column":8},"end":{"line":146,"column":null}}]}},"s":{"0":1,"1":1,"2":1,"3":1,"4":1,"5":1,"6":1,"7":1,"8":1,"9":4,"10":4,"11":4,"12":4,"13":4,"14":4,"15":4,"16":4,"17":4,"18":4,"19":4,"20":3,"21":1,"22":2,"23":4,"24":4,"25":4,"26":4,"27":4,"28":4,"29":4,"30":1,"31":3,"32":5,"33":3,"34":0,"35":1},"f":{"0":4,"1":4,"2":2,"3":4,"4":4,"5":5,"6":3,"7":0},"b":{"0":[0,4],"1":[0,4],"2":[4,3],"3":[4,2],"4":[3,1],"5":[1,3],"6":[1,2],"7":[3,0]}}
,"D:\\project-IT\\react\\tenzerSoft_project\\e-commerce-app\\src\\components\\paginition\\index.tsx": {"path":"D:\\project-IT\\react\\tenzerSoft_project\\e-commerce-app\\src\\components\\paginition\\index.tsx","statementMap":{"0":{"start":{"line":1,"column":0},"end":{"line":1,"column":48}},"1":{"start":{"line":5,"column":58},"end":{"line":18,"column":1}},"2":{"start":{"line":6,"column":4},"end":{"line":6,"column":36}},"3":{"start":{"line":6,"column":24},"end":{"line":6,"column":36}},"4":{"start":{"line":8,"column":4},"end":{"line":17,"column":6}},"5":{"start":{"line":13,"column":40},"end":{"line":13,"column":55}},"6":{"start":{"line":20,"column":0},"end":{"line":20,"column":32}}},"fnMap":{"0":{"name":"(anonymous_0)","decl":{"start":{"line":5,"column":58},"end":{"line":5,"column":59}},"loc":{"start":{"line":5,"column":92},"end":{"line":18,"column":1}}},"1":{"name":"(anonymous_1)","decl":{"start":{"line":13,"column":26},"end":{"line":13,"column":27}},"loc":{"start":{"line":13,"column":40},"end":{"line":13,"column":55}}}},"branchMap":{"0":{"loc":{"start":{"line":6,"column":4},"end":{"line":6,"column":36}},"type":"if","locations":[{"start":{"line":6,"column":4},"end":{"line":6,"column":36}},{"start":{},"end":{}}]}},"s":{"0":2,"1":2,"2":9,"3":3,"4":6,"5":2,"6":2},"f":{"0":9,"1":2},"b":{"0":[3,6]}}
,"D:\\project-IT\\react\\tenzerSoft_project\\e-commerce-app\\src\\context\\CartContext.tsx": {"path":"D:\\project-IT\\react\\tenzerSoft_project\\e-commerce-app\\src\\context\\CartContext.tsx","statementMap":{"0":{"start":{"line":1,"column":0},"end":{"line":1,"column":null}},"1":{"start":{"line":10,"column":20},"end":{"line":10,"column":73}},"2":{"start":{"line":12,"column":27},"end":{"line":26,"column":1}},"3":{"start":{"line":13,"column":4},"end":{"line":13,"column":49}},"4":{"start":{"line":13,"column":39},"end":{"line":13,"column":49}},"5":{"start":{"line":15,"column":4},"end":{"line":25,"column":5}},"6":{"start":{"line":16,"column":22},"end":{"line":16,"column":59}},"7":{"start":{"line":17,"column":8},"end":{"line":17,"column":30}},"8":{"start":{"line":17,"column":20},"end":{"line":17,"column":30}},"9":{"start":{"line":19,"column":23},"end":{"line":19,"column":40}},"10":{"start":{"line":20,"column":8},"end":{"line":20,"column":51}},"11":{"start":{"line":22,"column":8},"end":{"line":22,"column":58}},"12":{"start":{"line":23,"column":8},"end":{"line":23,"column":49}},"13":{"start":{"line":24,"column":8},"end":{"line":24,"column":18}},"14":{"start":{"line":28,"column":26},"end":{"line":37,"column":1}},"15":{"start":{"line":29,"column":4},"end":{"line":29,"column":46}},"16":{"start":{"line":29,"column":39},"end":{"line":29,"column":46}},"17":{"start":{"line":31,"column":4},"end":{"line":36,"column":5}},"18":{"start":{"line":32,"column":8},"end":{"line":32,"column":69}},"19":{"start":{"line":33,"column":8},"end":{"line":33,"column":45}},"20":{"start":{"line":35,"column":8},"end":{"line":35,"column":53}},"21":{"start":{"line":39,"column":63},"end":{"line":129,"column":1}},"22":{"start":{"line":40,"column":38},"end":{"line":40,"column":62}},"23":{"start":{"line":41,"column":36},"end":{"line":41,"column":51}},"24":{"start":{"line":43,"column":4},"end":{"line":48,"column":11}},"25":{"start":{"line":44,"column":26},"end":{"line":44,"column":46}},"26":{"start":{"line":45,"column":8},"end":{"line":45,"column":32}},"27":{"start":{"line":46,"column":8},"end":{"line":46,"column":26}},"28":{"start":{"line":47,"column":8},"end":{"line":47,"column":49}},"29":{"start":{"line":50,"column":4},"end":{"line":54,"column":30}},"30":{"start":{"line":51,"column":8},"end":{"line":53,"column":9}},"31":{"start":{"line":52,"column":12},"end":{"line":52,"column":41}},"32":{"start":{"line":56,"column":22},"end":{"line":71,"column":5}},"33":{"start":{"line":57,"column":8},"end":{"line":57,"column":53}},"34":{"start":{"line":59,"column":8},"end":{"line":70,"column":11}},"35":{"start":{"line":60,"column":33},"end":{"line":60,"column":86}},"36":{"start":{"line":60,"column":62},"end":{"line":60,"column":85}},"37":{"start":{"line":62,"column":12},"end":{"line":69,"column":13}},"38":{"start":{"line":63,"column":16},"end":{"line":63,"column":55}},"39":{"start":{"line":64,"column":16},"end":{"line":64,"column":33}},"40":{"start":{"line":66,"column":33},"end":{"line":66,"column":70}},"41":{"start":{"line":67,"column":16},"end":{"line":67,"column":67}},"42":{"start":{"line":68,"column":16},"end":{"line":68,"column":32}},"43":{"start":{"line":73,"column":27},"end":{"line":81,"column":5}},"44":{"start":{"line":74,"column":8},"end":{"line":77,"column":9}},"45":{"start":{"line":75,"column":12},"end":{"line":75,"column":31}},"46":{"start":{"line":76,"column":12},"end":{"line":76,"column":19}},"47":{"start":{"line":78,"column":8},"end":{"line":80,"column":10}},"48":{"start":{"line":79,"column":12},"end":{"line":79,"column":79}},"49":{"start":{"line":79,"column":32},"end":{"line":79,"column":77}},"50":{"start":{"line":83,"column":27},"end":{"line":85,"column":5}},"51":{"start":{"line":84,"column":8},"end":{"line":84,"column":70}},"52":{"start":{"line":84,"column":31},"end":{"line":84,"column":68}},"53":{"start":{"line":84,"column":53},"end":{"line":84,"column":67}},"54":{"start":{"line":87,"column":22},"end":{"line":90,"column":5}},"55":{"start":{"line":88,"column":8},"end":{"line":88,"column":25}},"56":{"start":{"line":89,"column":8},"end":{"line":89,"column":49}},"57":{"start":{"line":92,"column":25},"end":{"line":93,"column":80}},"58":{"start":{"line":93,"column":8},"end":{"line":93,"column":80}},"59":{"start":{"line":93,"column":42},"end":{"line":93,"column":76}},"60":{"start":{"line":95,"column":30},"end":{"line":96,"column":67}},"61":{"start":{"line":96,"column":8},"end":{"line":96,"column":67}},"62":{"start":{"line":96,"column":42},"end":{"line":96,"column":63}},"63":{"start":{"line":98,"column":25},"end":{"line":99,"column":52}},"64":{"start":{"line":99,"column":8},"end":{"line":99,"column":52}},"65":{"start":{"line":99,"column":33},"end":{"line":99,"column":51}},"66":{"start":{"line":101,"column":4},"end":{"line":111,"column":20}},"67":{"start":{"line":102,"column":8},"end":{"line":110,"column":9}},"68":{"start":{"line":103,"column":13},"end":{"line":109,"column":14}},"69":{"start":{"line":107,"column":20},"end":{"line":107,"column":87}},"70":{"start":{"line":113,"column":4},"end":{"line":128,"column":6}},"71":{"start":{"line":39,"column":13},"end":{"line":39,"column":63}},"72":{"start":{"line":131,"column":23},"end":{"line":137,"column":1}},"73":{"start":{"line":132,"column":20},"end":{"line":132,"column":43}},"74":{"start":{"line":133,"column":4},"end":{"line":135,"column":5}},"75":{"start":{"line":134,"column":8},"end":{"line":134,"column":79}},"76":{"start":{"line":136,"column":4},"end":{"line":136,"column":19}},"77":{"start":{"line":131,"column":13},"end":{"line":131,"column":23}}},"fnMap":{"0":{"name":"(anonymous_0)","decl":{"start":{"line":12,"column":27},"end":{"line":12,"column":42}},"loc":{"start":{"line":12,"column":44},"end":{"line":26,"column":1}}},"1":{"name":"(anonymous_1)","decl":{"start":{"line":28,"column":26},"end":{"line":28,"column":27}},"loc":{"start":{"line":28,"column":48},"end":{"line":37,"column":1}}},"2":{"name":"(anonymous_2)","decl":{"start":{"line":39,"column":63},"end":{"line":39,"column":64}},"loc":{"start":{"line":39,"column":80},"end":{"line":129,"column":1}}},"3":{"name":"(anonymous_3)","decl":{"start":{"line":43,"column":14},"end":{"line":43,"column":17}},"loc":{"start":{"line":43,"column":19},"end":{"line":48,"column":5}}},"4":{"name":"(anonymous_4)","decl":{"start":{"line":50,"column":14},"end":{"line":50,"column":17}},"loc":{"start":{"line":50,"column":19},"end":{"line":54,"column":5}}},"5":{"name":"(anonymous_5)","decl":{"start":{"line":56,"column":22},"end":{"line":56,"column":23}},"loc":{"start":{"line":56,"column":77},"end":{"line":71,"column":5}}},"6":{"name":"(anonymous_6)","decl":{"start":{"line":59,"column":21},"end":{"line":59,"column":22}},"loc":{"start":{"line":59,"column":35},"end":{"line":70,"column":9}}},"7":{"name":"(anonymous_7)","decl":{"start":{"line":60,"column":48},"end":{"line":60,"column":49}},"loc":{"start":{"line":60,"column":62},"end":{"line":60,"column":85}}},"8":{"name":"(anonymous_8)","decl":{"start":{"line":73,"column":27},"end":{"line":73,"column":28}},"loc":{"start":{"line":73,"column":60},"end":{"line":81,"column":5}}},"9":{"name":"(anonymous_9)","decl":{"start":{"line":78,"column":21},"end":{"line":78,"column":22}},"loc":{"start":{"line":79,"column":12},"end":{"line":79,"column":79}}},"10":{"name":"(anonymous_10)","decl":{"start":{"line":79,"column":21},"end":{"line":79,"column":22}},"loc":{"start":{"line":79,"column":32},"end":{"line":79,"column":77}}},"11":{"name":"(anonymous_11)","decl":{"start":{"line":83,"column":27},"end":{"line":83,"column":28}},"loc":{"start":{"line":83,"column":42},"end":{"line":85,"column":5}}},"12":{"name":"(anonymous_12)","decl":{"start":{"line":84,"column":21},"end":{"line":84,"column":22}},"loc":{"start":{"line":84,"column":31},"end":{"line":84,"column":68}}},"13":{"name":"(anonymous_13)","decl":{"start":{"line":84,"column":43},"end":{"line":84,"column":44}},"loc":{"start":{"line":84,"column":53},"end":{"line":84,"column":67}}},"14":{"name":"(anonymous_14)","decl":{"start":{"line":87,"column":22},"end":{"line":87,"column":25}},"loc":{"start":{"line":87,"column":27},"end":{"line":90,"column":5}}},"15":{"name":"(anonymous_15)","decl":{"start":{"line":92,"column":25},"end":{"line":92,"column":28}},"loc":{"start":{"line":93,"column":8},"end":{"line":93,"column":80}}},"16":{"name":"(anonymous_16)","decl":{"start":{"line":93,"column":25},"end":{"line":93,"column":26}},"loc":{"start":{"line":93,"column":42},"end":{"line":93,"column":76}}},"17":{"name":"(anonymous_17)","decl":{"start":{"line":95,"column":30},"end":{"line":95,"column":33}},"loc":{"start":{"line":96,"column":8},"end":{"line":96,"column":67}}},"18":{"name":"(anonymous_18)","decl":{"start":{"line":96,"column":25},"end":{"line":96,"column":26}},"loc":{"start":{"line":96,"column":42},"end":{"line":96,"column":63}}},"19":{"name":"(anonymous_19)","decl":{"start":{"line":98,"column":25},"end":{"line":98,"column":26}},"loc":{"start":{"line":99,"column":8},"end":{"line":99,"column":52}}},"20":{"name":"(anonymous_20)","decl":{"start":{"line":99,"column":23},"end":{"line":99,"column":24}},"loc":{"start":{"line":99,"column":33},"end":{"line":99,"column":51}}},"21":{"name":"(anonymous_21)","decl":{"start":{"line":101,"column":14},"end":{"line":101,"column":17}},"loc":{"start":{"line":101,"column":19},"end":{"line":111,"column":5}}},"22":{"name":"(anonymous_22)","decl":{"start":{"line":106,"column":29},"end":{"line":106,"column":32}},"loc":{"start":{"line":107,"column":20},"end":{"line":107,"column":87}}},"23":{"name":"(anonymous_23)","decl":{"start":{"line":131,"column":23},"end":{"line":131,"column":26}},"loc":{"start":{"line":131,"column":28},"end":{"line":137,"column":1}}}},"branchMap":{"0":{"loc":{"start":{"line":13,"column":4},"end":{"line":13,"column":49}},"type":"if","locations":[{"start":{"line":13,"column":4},"end":{"line":13,"column":49}},{"start":{},"end":{}}]},"1":{"loc":{"start":{"line":17,"column":8},"end":{"line":17,"column":30}},"type":"if","locations":[{"start":{"line":17,"column":8},"end":{"line":17,"column":30}},{"start":{},"end":{}}]},"2":{"loc":{"start":{"line":20,"column":15},"end":{"line":20,"column":50}},"type":"cond-expr","locations":[{"start":{"line":20,"column":39},"end":{"line":20,"column":45}},{"start":{"line":20,"column":48},"end":{"line":20,"column":50}}]},"3":{"loc":{"start":{"line":29,"column":4},"end":{"line":29,"column":46}},"type":"if","locations":[{"start":{"line":29,"column":4},"end":{"line":29,"column":46}},{"start":{},"end":{}}]},"4":{"loc":{"start":{"line":51,"column":8},"end":{"line":53,"column":9}},"type":"if","locations":[{"start":{"line":51,"column":8},"end":{"line":53,"column":9}},{"start":{},"end":{}}]},"5":{"loc":{"start":{"line":62,"column":12},"end":{"line":69,"column":13}},"type":"if","locations":[{"start":{"line":62,"column":12},"end":{"line":69,"column":13}},{"start":{"line":65,"column":19},"end":{"line":69,"column":13}}]},"6":{"loc":{"start":{"line":74,"column":8},"end":{"line":77,"column":9}},"type":"if","locations":[{"start":{"line":74,"column":8},"end":{"line":77,"column":9}},{"start":{},"end":{}}]},"7":{"loc":{"start":{"line":79,"column":32},"end":{"line":79,"column":77}},"type":"cond-expr","locations":[{"start":{"line":79,"column":49},"end":{"line":79,"column":70}},{"start":{"line":79,"column":73},"end":{"line":79,"column":77}}]},"8":{"loc":{"start":{"line":102,"column":8},"end":{"line":110,"column":9}},"type":"if","locations":[{"start":{"line":102,"column":8},"end":{"line":110,"column":9}},{"start":{},"end":{}}]},"9":{"loc":{"start":{"line":133,"column":4},"end":{"line":135,"column":5}},"type":"if","locations":[{"start":{"line":133,"column":4},"end":{"line":135,"column":5}},{"start":{},"end":{}}]}},"s":{"0":1,"1":1,"2":1,"3":6,"4":0,"5":6,"6":6,"7":6,"8":6,"9":0,"10":0,"11":0,"12":0,"13":0,"14":1,"15":15,"16":0,"17":15,"18":15,"19":15,"20":0,"21":1,"22":21,"23":21,"24":21,"25":6,"26":6,"27":6,"28":6,"29":21,"30":21,"31":15,"32":21,"33":5,"34":5,"35":5,"36":0,"37":5,"38":0,"39":0,"40":5,"41":5,"42":5,"43":21,"44":2,"45":1,"46":1,"47":1,"48":1,"49":1,"50":21,"51":2,"52":2,"53":2,"54":21,"55":1,"56":1,"57":21,"58":2,"59":1,"60":21,"61":2,"62":1,"63":21,"64":1,"65":1,"66":21,"67":21,"68":21,"69":0,"70":21,"71":1,"72":1,"73":21,"74":21,"75":0,"76":21,"77":1},"f":{"0":6,"1":15,"2":21,"3":6,"4":21,"5":5,"6":5,"7":0,"8":2,"9":1,"10":1,"11":2,"12":2,"13":2,"14":1,"15":2,"16":1,"17":2,"18":1,"19":1,"20":1,"21":21,"22":0,"23":21},"b":{"0":[0,6],"1":[6,0],"2":[0,0],"3":[0,15],"4":[15,6],"5":[0,5],"6":[1,1],"7":[1,0],"8":[21,0],"9":[0,21]}}
}
