TN:
SF:src\components\homeCard\ProductCard.tsx
FN:11,(anonymous_1)
FNF:1
FNH:1
FNDA:5,(anonymous_1)
DA:2,1
DA:3,1
DA:5,1
DA:11,1
DA:12,5
DA:48,1
LF:6
LH:6
BRF:0
BRH:0
end_of_record
TN:
SF:src\components\homeCard\index.tsx
FN:22,(anonymous_1)
FN:34,(anonymous_2)
FN:36,(anonymous_3)
FN:43,(anonymous_4)
FN:48,(anonymous_5)
FN:63,(anonymous_6)
FN:72,(anonymous_7)
FN:112,(anonymous_8)
FNF:8
FNH:7
FNDA:4,(anonymous_1)
FNDA:4,(anonymous_2)
FNDA:2,(anonymous_3)
FNDA:4,(anonymous_4)
FNDA:4,(anonymous_5)
FNDA:5,(anonymous_6)
FNDA:3,(anonymous_7)
FNDA:0,(anonymous_8)
DA:1,1
DA:2,1
DA:14,1
DA:15,1
DA:16,1
DA:18,1
DA:19,1
DA:22,1
DA:23,4
DA:24,4
DA:25,4
DA:27,4
DA:28,4
DA:29,4
DA:31,4
DA:32,4
DA:34,4
DA:35,4
DA:36,1
DA:37,2
DA:41,4
DA:43,4
DA:44,4
DA:45,4
DA:48,4
DA:49,4
DA:51,4
DA:64,5
DA:73,3
DA:112,0
DA:120,1
LF:31
LH:30
BRDA:24,0,0,4
BRDA:24,0,1,2
BRDA:31,1,0,0
BRDA:31,1,1,4
BRDA:31,2,0,0
BRDA:31,2,1,4
BRDA:35,3,0,3
BRDA:35,3,1,1
BRDA:62,4,0,1
BRDA:62,4,1,3
BRDA:108,5,0,4
BRDA:108,5,1,0
BRDA:115,6,0,4
BRDA:115,6,1,1
BRF:14
BRH:11
end_of_record
TN:
SF:src\components\paginition\index.tsx
FN:5,(anonymous_0)
FN:13,(anonymous_1)
FNF:2
FNH:2
FNDA:9,(anonymous_0)
FNDA:2,(anonymous_1)
DA:1,2
DA:5,2
DA:6,9
DA:8,6
DA:13,2
DA:20,2
LF:6
LH:6
BRDA:6,0,0,3
BRDA:6,0,1,6
BRF:2
BRH:2
end_of_record
