TN:
SF:src\components\homeCard\ProductCard.tsx
FN:12,(anonymous_1)
FNF:1
FNH:1
FNDA:5,(anonymous_1)
DA:2,1
DA:3,1
DA:4,1
DA:6,1
DA:12,1
DA:13,5
DA:15,5
DA:54,1
LF:8
LH:8
BRF:0
BRH:0
end_of_record
TN:
SF:src\components\homeCard\index.tsx
FN:22,(anonymous_1)
FN:40,(anonymous_2)
FN:42,(anonymous_3)
FN:49,(anonymous_4)
FN:54,(anonymous_5)
FN:81,(anonymous_6)
FN:93,(anonymous_7)
FN:146,(anonymous_8)
FNF:8
FNH:7
FNDA:4,(anonymous_1)
FNDA:4,(anonymous_2)
FNDA:2,(anonymous_3)
FNDA:4,(anonymous_4)
FNDA:4,(anonymous_5)
FNDA:5,(anonymous_6)
FNDA:3,(anonymous_7)
FNDA:0,(anonymous_8)
DA:1,1
DA:2,1
DA:14,1
DA:15,1
DA:16,1
DA:18,1
DA:19,1
DA:20,1
DA:22,1
DA:23,4
DA:24,4
DA:25,4
DA:26,4
DA:28,4
DA:29,4
DA:31,4
DA:37,4
DA:38,4
DA:40,4
DA:41,4
DA:42,1
DA:43,2
DA:47,4
DA:49,4
DA:50,4
DA:51,4
DA:54,4
DA:55,4
DA:58,4
DA:59,1
DA:68,3
DA:82,5
DA:94,3
DA:146,0
DA:153,1
LF:35
LH:34
BRDA:28,0,0,0
BRDA:28,0,1,4
BRDA:28,1,0,0
BRDA:28,1,1,4
BRDA:34,2,0,4
BRDA:34,2,1,3
BRDA:37,3,0,4
BRDA:37,3,1,2
BRDA:41,4,0,3
BRDA:41,4,1,1
BRDA:58,5,0,1
BRDA:58,5,1,3
BRDA:80,6,0,1
BRDA:80,6,1,2
BRDA:142,7,0,3
BRDA:142,7,1,0
BRF:16
BRH:13
end_of_record
TN:
SF:src\components\paginition\index.tsx
FN:5,(anonymous_0)
FN:13,(anonymous_1)
FNF:2
FNH:2
FNDA:9,(anonymous_0)
FNDA:2,(anonymous_1)
DA:1,2
DA:5,2
DA:6,9
DA:8,6
DA:13,2
DA:20,2
LF:6
LH:6
BRDA:6,0,0,3
BRDA:6,0,1,6
BRF:2
BRH:2
end_of_record
TN:
SF:src\context\CartContext.tsx
FN:12,(anonymous_0)
FN:28,(anonymous_1)
FN:39,(anonymous_2)
FN:43,(anonymous_3)
FN:50,(anonymous_4)
FN:56,(anonymous_5)
FN:59,(anonymous_6)
FN:60,(anonymous_7)
FN:73,(anonymous_8)
FN:78,(anonymous_9)
FN:79,(anonymous_10)
FN:83,(anonymous_11)
FN:84,(anonymous_12)
FN:84,(anonymous_13)
FN:87,(anonymous_14)
FN:92,(anonymous_15)
FN:93,(anonymous_16)
FN:95,(anonymous_17)
FN:96,(anonymous_18)
FN:98,(anonymous_19)
FN:99,(anonymous_20)
FN:101,(anonymous_21)
FN:106,(anonymous_22)
FN:131,(anonymous_23)
FNF:24
FNH:22
FNDA:6,(anonymous_0)
FNDA:15,(anonymous_1)
FNDA:21,(anonymous_2)
FNDA:6,(anonymous_3)
FNDA:21,(anonymous_4)
FNDA:5,(anonymous_5)
FNDA:5,(anonymous_6)
FNDA:0,(anonymous_7)
FNDA:2,(anonymous_8)
FNDA:1,(anonymous_9)
FNDA:1,(anonymous_10)
FNDA:2,(anonymous_11)
FNDA:2,(anonymous_12)
FNDA:2,(anonymous_13)
FNDA:1,(anonymous_14)
FNDA:2,(anonymous_15)
FNDA:1,(anonymous_16)
FNDA:2,(anonymous_17)
FNDA:1,(anonymous_18)
FNDA:1,(anonymous_19)
FNDA:1,(anonymous_20)
FNDA:21,(anonymous_21)
FNDA:0,(anonymous_22)
FNDA:21,(anonymous_23)
DA:1,1
DA:10,1
DA:12,1
DA:13,6
DA:15,6
DA:16,6
DA:17,6
DA:19,0
DA:20,0
DA:22,0
DA:23,0
DA:24,0
DA:28,1
DA:29,15
DA:31,15
DA:32,15
DA:33,15
DA:35,0
DA:39,1
DA:40,21
DA:41,21
DA:43,21
DA:44,6
DA:45,6
DA:46,6
DA:47,6
DA:50,21
DA:51,21
DA:52,15
DA:56,21
DA:57,5
DA:59,5
DA:60,5
DA:62,5
DA:63,0
DA:64,0
DA:66,5
DA:67,5
DA:68,5
DA:73,21
DA:74,2
DA:75,1
DA:76,1
DA:78,1
DA:79,1
DA:83,21
DA:84,2
DA:87,21
DA:88,1
DA:89,1
DA:92,21
DA:93,2
DA:95,21
DA:96,2
DA:98,21
DA:99,1
DA:101,21
DA:102,21
DA:103,21
DA:107,0
DA:113,21
DA:131,1
DA:132,21
DA:133,21
DA:134,0
DA:136,21
LF:66
LH:56
BRDA:13,0,0,0
BRDA:13,0,1,6
BRDA:17,1,0,6
BRDA:17,1,1,0
BRDA:20,2,0,0
BRDA:20,2,1,0
BRDA:29,3,0,0
BRDA:29,3,1,15
BRDA:51,4,0,15
BRDA:51,4,1,6
BRDA:62,5,0,0
BRDA:62,5,1,5
BRDA:74,6,0,1
BRDA:74,6,1,1
BRDA:79,7,0,1
BRDA:79,7,1,0
BRDA:102,8,0,21
BRDA:102,8,1,0
BRDA:133,9,0,0
BRDA:133,9,1,21
BRF:20
BRH:11
end_of_record
